::1 - - [25/Mar/2021:03:43:06 +0000] "GET / HTTP/1.1" 200 17 "-" "PostmanRuntime/7.26.8"
::1 - - [25/Mar/2021:03:43:14 +0000] "GET /calculator HTTP/1.1" 404 149 "-" "PostmanRuntime/7.26.8"
::1 - - [25/Mar/2021:03:43:20 +0000] "POST /calculator HTTP/1.1" 404 150 "-" "PostmanRuntime/7.26.8"
::1 - - [25/Mar/2021:03:43:33 +0000] "GET /calculator HTTP/1.1" 404 149 "-" "PostmanRuntime/7.26.8"
::1 - - [25/Mar/2021:03:44:44 +0000] "GET /api/calculator HTTP/1.1" 200 10 "-" "PostmanRuntime/7.26.8"
::1 - - [25/Mar/2021:03:44:58 +0000] "GET /api/calculator HTTP/1.1" 200 20 "-" "PostmanRuntime/7.26.8"
::1 - - [25/Mar/2021:06:58:59 +0000] "GET /api/calculator?formData=%7B%22num1%22:12,%22num2%22:123%7D HTTP/1.1" 200 20 "http://localhost:11029/" "Mozilla/5.0 (Windows NT 10.0; Win64; x64) AppleWebKit/537.36 (KHTML, like Gecko) Chrome/89.0.4389.90 Safari/537.36"
::1 - - [25/Mar/2021:06:59:18 +0000] "GET /api/calculator?formData=%7B%22num1%22:12,%22num2%22:123%7D HTTP/1.1" 304 - "http://localhost:11029/" "Mozilla/5.0 (Windows NT 10.0; Win64; x64) AppleWebKit/537.36 (KHTML, like Gecko) Chrome/89.0.4389.90 Safari/537.36"
::1 - - [25/Mar/2021:07:00:36 +0000] "GET /api/calculator?formData=%7B%22num1%22:12,%22num2%22:123%7D HTTP/1.1" 304 - "http://localhost:11029/" "Mozilla/5.0 (Windows NT 10.0; Win64; x64) AppleWebKit/537.36 (KHTML, like Gecko) Chrome/89.0.4389.90 Safari/537.36"
::1 - - [25/Mar/2021:07:01:52 +0000] "OPTIONS /api/calculator HTTP/1.1" 204 0 "http://localhost:11029/" "Mozilla/5.0 (Windows NT 10.0; Win64; x64) AppleWebKit/537.36 (KHTML, like Gecko) Chrome/89.0.4389.90 Safari/537.36"
::1 - - [25/Mar/2021:07:01:52 +0000] "POST /api/calculator HTTP/1.1" 200 20 "http://localhost:11029/" "Mozilla/5.0 (Windows NT 10.0; Win64; x64) AppleWebKit/537.36 (KHTML, like Gecko) Chrome/89.0.4389.90 Safari/537.36"
::1 - - [25/Mar/2021:07:02:04 +0000] "OPTIONS /api/calculator HTTP/1.1" 204 0 "http://localhost:11029/" "Mozilla/5.0 (Windows NT 10.0; Win64; x64) AppleWebKit/537.36 (KHTML, like Gecko) Chrome/89.0.4389.90 Safari/537.36"
::1 - - [25/Mar/2021:07:02:04 +0000] "POST /api/calculator HTTP/1.1" 200 20 "http://localhost:11029/" "Mozilla/5.0 (Windows NT 10.0; Win64; x64) AppleWebKit/537.36 (KHTML, like Gecko) Chrome/89.0.4389.90 Safari/537.36"
::1 - - [25/Mar/2021:07:02:22 +0000] "OPTIONS /api/calculator HTTP/1.1" 204 0 "http://localhost:11029/" "Mozilla/5.0 (Windows NT 10.0; Win64; x64) AppleWebKit/537.36 (KHTML, like Gecko) Chrome/89.0.4389.90 Safari/537.36"
::1 - - [25/Mar/2021:07:02:22 +0000] "POST /api/calculator HTTP/1.1" 200 20 "http://localhost:11029/" "Mozilla/5.0 (Windows NT 10.0; Win64; x64) AppleWebKit/537.36 (KHTML, like Gecko) Chrome/89.0.4389.90 Safari/537.36"
::1 - - [25/Mar/2021:07:03:12 +0000] "OPTIONS /api/calculator HTTP/1.1" 204 0 "http://localhost:11029/" "Mozilla/5.0 (Windows NT 10.0; Win64; x64) AppleWebKit/537.36 (KHTML, like Gecko) Chrome/89.0.4389.90 Safari/537.36"
::1 - - [25/Mar/2021:07:03:12 +0000] "POST /api/calculator HTTP/1.1" 200 14 "http://localhost:11029/" "Mozilla/5.0 (Windows NT 10.0; Win64; x64) AppleWebKit/537.36 (KHTML, like Gecko) Chrome/89.0.4389.90 Safari/537.36"
::1 - - [25/Mar/2021:07:03:27 +0000] "OPTIONS /api/calculator HTTP/1.1" 204 0 "http://localhost:11029/" "Mozilla/5.0 (Windows NT 10.0; Win64; x64) AppleWebKit/537.36 (KHTML, like Gecko) Chrome/89.0.4389.90 Safari/537.36"
::1 - - [25/Mar/2021:07:03:27 +0000] "POST /api/calculator HTTP/1.1" 200 13 "http://localhost:11029/" "Mozilla/5.0 (Windows NT 10.0; Win64; x64) AppleWebKit/537.36 (KHTML, like Gecko) Chrome/89.0.4389.90 Safari/537.36"
::1 - - [25/Mar/2021:07:05:05 +0000] "OPTIONS /api/calculator HTTP/1.1" 204 0 "http://localhost:11029/" "Mozilla/5.0 (Windows NT 10.0; Win64; x64) AppleWebKit/537.36 (KHTML, like Gecko) Chrome/89.0.4389.90 Safari/537.36"
::1 - - [25/Mar/2021:07:05:05 +0000] "POST /api/calculator HTTP/1.1" 200 12 "http://localhost:11029/" "Mozilla/5.0 (Windows NT 10.0; Win64; x64) AppleWebKit/537.36 (KHTML, like Gecko) Chrome/89.0.4389.90 Safari/537.36"
::1 - - [25/Mar/2021:07:05:32 +0000] "OPTIONS /api/calculator HTTP/1.1" 204 0 "http://localhost:11029/" "Mozilla/5.0 (Windows NT 10.0; Win64; x64) AppleWebKit/537.36 (KHTML, like Gecko) Chrome/89.0.4389.90 Safari/537.36"
::1 - - [25/Mar/2021:07:05:32 +0000] "POST /api/calculator HTTP/1.1" 200 12 "http://localhost:11029/" "Mozilla/5.0 (Windows NT 10.0; Win64; x64) AppleWebKit/537.36 (KHTML, like Gecko) Chrome/89.0.4389.90 Safari/537.36"
::1 - - [25/Mar/2021:07:06:13 +0000] "OPTIONS /api/calculator HTTP/1.1" 204 0 "http://localhost:11029/" "Mozilla/5.0 (Windows NT 10.0; Win64; x64) AppleWebKit/537.36 (KHTML, like Gecko) Chrome/89.0.4389.90 Safari/537.36"
::1 - - [25/Mar/2021:07:06:13 +0000] "POST /api/calculator HTTP/1.1" 200 12 "http://localhost:11029/" "Mozilla/5.0 (Windows NT 10.0; Win64; x64) AppleWebKit/537.36 (KHTML, like Gecko) Chrome/89.0.4389.90 Safari/537.36"
::1 - - [25/Mar/2021:07:06:17 +0000] "POST /api/calculator HTTP/1.1" 200 12 "http://localhost:11029/" "Mozilla/5.0 (Windows NT 10.0; Win64; x64) AppleWebKit/537.36 (KHTML, like Gecko) Chrome/89.0.4389.90 Safari/537.36"
::1 - - [25/Mar/2021:07:06:30 +0000] "OPTIONS /api/calculator HTTP/1.1" 204 0 "http://localhost:11029/" "Mozilla/5.0 (Windows NT 10.0; Win64; x64) AppleWebKit/537.36 (KHTML, like Gecko) Chrome/89.0.4389.90 Safari/537.36"
::1 - - [25/Mar/2021:07:06:30 +0000] "POST /api/calculator HTTP/1.1" 200 12 "http://localhost:11029/" "Mozilla/5.0 (Windows NT 10.0; Win64; x64) AppleWebKit/537.36 (KHTML, like Gecko) Chrome/89.0.4389.90 Safari/537.36"
::1 - - [25/Mar/2021:07:07:16 +0000] "OPTIONS /api/calculator HTTP/1.1" 204 0 "http://localhost:11029/" "Mozilla/5.0 (Windows NT 10.0; Win64; x64) AppleWebKit/537.36 (KHTML, like Gecko) Chrome/89.0.4389.90 Safari/537.36"
::1 - - [25/Mar/2021:07:07:16 +0000] "POST /api/calculator HTTP/1.1" 200 12 "http://localhost:11029/" "Mozilla/5.0 (Windows NT 10.0; Win64; x64) AppleWebKit/537.36 (KHTML, like Gecko) Chrome/89.0.4389.90 Safari/537.36"
::1 - - [25/Mar/2021:07:21:34 +0000] "OPTIONS /api/calculator HTTP/1.1" 204 0 "http://localhost:13714/" "Mozilla/5.0 (Windows NT 10.0; Win64; x64) AppleWebKit/537.36 (KHTML, like Gecko) Chrome/89.0.4389.90 Safari/537.36"
::1 - - [25/Mar/2021:07:21:34 +0000] "POST /api/calculator HTTP/1.1" 200 12 "http://localhost:13714/" "Mozilla/5.0 (Windows NT 10.0; Win64; x64) AppleWebKit/537.36 (KHTML, like Gecko) Chrome/89.0.4389.90 Safari/537.36"
::1 - - [25/Mar/2021:07:21:44 +0000] "OPTIONS /api/calculator HTTP/1.1" 204 0 "http://localhost:13714/" "Mozilla/5.0 (Windows NT 10.0; Win64; x64) AppleWebKit/537.36 (KHTML, like Gecko) Chrome/89.0.4389.90 Safari/537.36"
::1 - - [25/Mar/2021:07:21:44 +0000] "POST /api/calculator HTTP/1.1" 200 12 "http://localhost:13714/" "Mozilla/5.0 (Windows NT 10.0; Win64; x64) AppleWebKit/537.36 (KHTML, like Gecko) Chrome/89.0.4389.90 Safari/537.36"
